Vivado Simulator v2021.2
Copyright 1986-1999, 2001-2021 Xilinx, Inc. All Rights Reserved.
Running: C:/Xilinx/Vivado/2021.2/bin/unwrapped/win64.o/xelab.exe --incr --debug typical --relax --mt 2 -L xil_defaultlib -L secureip --snapshot ALU_32Bit_20335015_TB_behav xil_defaultlib.ALU_32Bit_20335015_TB -log elaborate.log 
Using 2 slave threads.
Starting static elaboration
Completed static elaboration
Starting simulation data flow analysis
Completed simulation data flow analysis
Time Resolution for simulation is 1ps
Compiling package std.standard
Compiling package std.textio
Compiling package ieee.std_logic_1164
Compiling architecture behavioral of entity xil_defaultlib.BInputLogic_20335015 [binputlogic_20335015_default]
Compiling architecture behavioral of entity xil_defaultlib.FullAdder_20335015 [fulladder_20335015_default]
Compiling architecture behavioral of entity xil_defaultlib.RippleCarryAdder_32Bit_20335015 [ripplecarryadder_32bit_20335015_...]
Compiling architecture behavioral of entity xil_defaultlib.RippleCarryAdderSubtractor_32Bit_20335015 [ripplecarryaddersubtractor_32bit...]
Compiling architecture behavioral of entity xil_defaultlib.Multiplexer_1Bit_4to1_20335015 [multiplexer_1bit_4to1_20335015_d...]
Compiling architecture behavioral of entity xil_defaultlib.LogicCircuit_1Bit_20335015 [logiccircuit_1bit_20335015_defau...]
Compiling architecture behavioral of entity xil_defaultlib.LogicCircuit_32Bit_20335015 [logiccircuit_32bit_20335015_defa...]
Compiling architecture behavioral of entity xil_defaultlib.Multiplexer_32Bit_2to1_20335015 [multiplexer_32bit_2to1_20335015_...]
Compiling architecture behavioral of entity xil_defaultlib.ALU_32Bit_20335015 [alu_32bit_20335015_default]
Compiling architecture behavioral of entity xil_defaultlib.alu_32bit_20335015_tb
Built simulation snapshot ALU_32Bit_20335015_TB_behav
