INFO: [VRFC 10-163] Analyzing VHDL file "C:/Users/lewis/OneDrive/Documents/Trinity/2nd Year/Semester 1/CSU22022 Computer Architechture 1/Vivado/Project 2/Project 2.srcs/sources_1/new/Mutliplexer_32Bit_2to1_20335015.vhd" into library xil_defaultlib
INFO: [VRFC 10-3107] analyzing entity 'Multiplexer_32Bit_2to1_20335015'
INFO: [VRFC 10-163] Analyzing VHDL file "C:/Users/lewis/OneDrive/Documents/Trinity/2nd Year/Semester 1/CSU22022 Computer Architechture 1/Vivado/Project 2/Project 2.srcs/sources_1/new/RegisterFile_32Bit_32Plus1_20335015.vhd" into library xil_defaultlib
INFO: [VRFC 10-3107] analyzing entity 'RegisterFile_32Bit_32Plus1_20335015'
WARNING: [VRFC 10-3093] actual for formal port 'load' is neither a static name nor a globally static expression [C:/Users/lewis/OneDrive/Documents/Trinity/2nd Year/Semester 1/CSU22022 Computer Architechture 1/Vivado/Project 2/Project 2.srcs/sources_1/new/RegisterFile_32Bit_32Plus1_20335015.vhd:56]
WARNING: [VRFC 10-3093] actual for formal port 'load' is neither a static name nor a globally static expression [C:/Users/lewis/OneDrive/Documents/Trinity/2nd Year/Semester 1/CSU22022 Computer Architechture 1/Vivado/Project 2/Project 2.srcs/sources_1/new/RegisterFile_32Bit_32Plus1_20335015.vhd:63]
WARNING: [VRFC 10-3093] actual for formal port 'load' is neither a static name nor a globally static expression [C:/Users/lewis/OneDrive/Documents/Trinity/2nd Year/Semester 1/CSU22022 Computer Architechture 1/Vivado/Project 2/Project 2.srcs/sources_1/new/RegisterFile_32Bit_32Plus1_20335015.vhd:70]
WARNING: [VRFC 10-3093] actual for formal port 'load' is neither a static name nor a globally static expression [C:/Users/lewis/OneDrive/Documents/Trinity/2nd Year/Semester 1/CSU22022 Computer Architechture 1/Vivado/Project 2/Project 2.srcs/sources_1/new/RegisterFile_32Bit_32Plus1_20335015.vhd:77]
WARNING: [VRFC 10-3093] actual for formal port 'load' is neither a static name nor a globally static expression [C:/Users/lewis/OneDrive/Documents/Trinity/2nd Year/Semester 1/CSU22022 Computer Architechture 1/Vivado/Project 2/Project 2.srcs/sources_1/new/RegisterFile_32Bit_32Plus1_20335015.vhd:84]
WARNING: [VRFC 10-3093] actual for formal port 'load' is neither a static name nor a globally static expression [C:/Users/lewis/OneDrive/Documents/Trinity/2nd Year/Semester 1/CSU22022 Computer Architechture 1/Vivado/Project 2/Project 2.srcs/sources_1/new/RegisterFile_32Bit_32Plus1_20335015.vhd:91]
WARNING: [VRFC 10-3093] actual for formal port 'load' is neither a static name nor a globally static expression [C:/Users/lewis/OneDrive/Documents/Trinity/2nd Year/Semester 1/CSU22022 Computer Architechture 1/Vivado/Project 2/Project 2.srcs/sources_1/new/RegisterFile_32Bit_32Plus1_20335015.vhd:98]
WARNING: [VRFC 10-3093] actual for formal port 'load' is neither a static name nor a globally static expression [C:/Users/lewis/OneDrive/Documents/Trinity/2nd Year/Semester 1/CSU22022 Computer Architechture 1/Vivado/Project 2/Project 2.srcs/sources_1/new/RegisterFile_32Bit_32Plus1_20335015.vhd:105]
WARNING: [VRFC 10-3093] actual for formal port 'load' is neither a static name nor a globally static expression [C:/Users/lewis/OneDrive/Documents/Trinity/2nd Year/Semester 1/CSU22022 Computer Architechture 1/Vivado/Project 2/Project 2.srcs/sources_1/new/RegisterFile_32Bit_32Plus1_20335015.vhd:112]
WARNING: [VRFC 10-3093] actual for formal port 'load' is neither a static name nor a globally static expression [C:/Users/lewis/OneDrive/Documents/Trinity/2nd Year/Semester 1/CSU22022 Computer Architechture 1/Vivado/Project 2/Project 2.srcs/sources_1/new/RegisterFile_32Bit_32Plus1_20335015.vhd:119]
WARNING: [VRFC 10-3093] actual for formal port 'load' is neither a static name nor a globally static expression [C:/Users/lewis/OneDrive/Documents/Trinity/2nd Year/Semester 1/CSU22022 Computer Architechture 1/Vivado/Project 2/Project 2.srcs/sources_1/new/RegisterFile_32Bit_32Plus1_20335015.vhd:126]
WARNING: [VRFC 10-3093] actual for formal port 'load' is neither a static name nor a globally static expression [C:/Users/lewis/OneDrive/Documents/Trinity/2nd Year/Semester 1/CSU22022 Computer Architechture 1/Vivado/Project 2/Project 2.srcs/sources_1/new/RegisterFile_32Bit_32Plus1_20335015.vhd:133]
WARNING: [VRFC 10-3093] actual for formal port 'load' is neither a static name nor a globally static expression [C:/Users/lewis/OneDrive/Documents/Trinity/2nd Year/Semester 1/CSU22022 Computer Architechture 1/Vivado/Project 2/Project 2.srcs/sources_1/new/RegisterFile_32Bit_32Plus1_20335015.vhd:140]
WARNING: [VRFC 10-3093] actual for formal port 'load' is neither a static name nor a globally static expression [C:/Users/lewis/OneDrive/Documents/Trinity/2nd Year/Semester 1/CSU22022 Computer Architechture 1/Vivado/Project 2/Project 2.srcs/sources_1/new/RegisterFile_32Bit_32Plus1_20335015.vhd:147]
WARNING: [VRFC 10-3093] actual for formal port 'load' is neither a static name nor a globally static expression [C:/Users/lewis/OneDrive/Documents/Trinity/2nd Year/Semester 1/CSU22022 Computer Architechture 1/Vivado/Project 2/Project 2.srcs/sources_1/new/RegisterFile_32Bit_32Plus1_20335015.vhd:154]
WARNING: [VRFC 10-3093] actual for formal port 'load' is neither a static name nor a globally static expression [C:/Users/lewis/OneDrive/Documents/Trinity/2nd Year/Semester 1/CSU22022 Computer Architechture 1/Vivado/Project 2/Project 2.srcs/sources_1/new/RegisterFile_32Bit_32Plus1_20335015.vhd:161]
WARNING: [VRFC 10-3093] actual for formal port 'load' is neither a static name nor a globally static expression [C:/Users/lewis/OneDrive/Documents/Trinity/2nd Year/Semester 1/CSU22022 Computer Architechture 1/Vivado/Project 2/Project 2.srcs/sources_1/new/RegisterFile_32Bit_32Plus1_20335015.vhd:168]
WARNING: [VRFC 10-3093] actual for formal port 'load' is neither a static name nor a globally static expression [C:/Users/lewis/OneDrive/Documents/Trinity/2nd Year/Semester 1/CSU22022 Computer Architechture 1/Vivado/Project 2/Project 2.srcs/sources_1/new/RegisterFile_32Bit_32Plus1_20335015.vhd:175]
WARNING: [VRFC 10-3093] actual for formal port 'load' is neither a static name nor a globally static expression [C:/Users/lewis/OneDrive/Documents/Trinity/2nd Year/Semester 1/CSU22022 Computer Architechture 1/Vivado/Project 2/Project 2.srcs/sources_1/new/RegisterFile_32Bit_32Plus1_20335015.vhd:182]
WARNING: [VRFC 10-3093] actual for formal port 'load' is neither a static name nor a globally static expression [C:/Users/lewis/OneDrive/Documents/Trinity/2nd Year/Semester 1/CSU22022 Computer Architechture 1/Vivado/Project 2/Project 2.srcs/sources_1/new/RegisterFile_32Bit_32Plus1_20335015.vhd:189]
WARNING: [VRFC 10-3093] actual for formal port 'load' is neither a static name nor a globally static expression [C:/Users/lewis/OneDrive/Documents/Trinity/2nd Year/Semester 1/CSU22022 Computer Architechture 1/Vivado/Project 2/Project 2.srcs/sources_1/new/RegisterFile_32Bit_32Plus1_20335015.vhd:196]
WARNING: [VRFC 10-3093] actual for formal port 'load' is neither a static name nor a globally static expression [C:/Users/lewis/OneDrive/Documents/Trinity/2nd Year/Semester 1/CSU22022 Computer Architechture 1/Vivado/Project 2/Project 2.srcs/sources_1/new/RegisterFile_32Bit_32Plus1_20335015.vhd:203]
WARNING: [VRFC 10-3093] actual for formal port 'load' is neither a static name nor a globally static expression [C:/Users/lewis/OneDrive/Documents/Trinity/2nd Year/Semester 1/CSU22022 Computer Architechture 1/Vivado/Project 2/Project 2.srcs/sources_1/new/RegisterFile_32Bit_32Plus1_20335015.vhd:210]
WARNING: [VRFC 10-3093] actual for formal port 'load' is neither a static name nor a globally static expression [C:/Users/lewis/OneDrive/Documents/Trinity/2nd Year/Semester 1/CSU22022 Computer Architechture 1/Vivado/Project 2/Project 2.srcs/sources_1/new/RegisterFile_32Bit_32Plus1_20335015.vhd:217]
WARNING: [VRFC 10-3093] actual for formal port 'load' is neither a static name nor a globally static expression [C:/Users/lewis/OneDrive/Documents/Trinity/2nd Year/Semester 1/CSU22022 Computer Architechture 1/Vivado/Project 2/Project 2.srcs/sources_1/new/RegisterFile_32Bit_32Plus1_20335015.vhd:224]
WARNING: [VRFC 10-3093] actual for formal port 'load' is neither a static name nor a globally static expression [C:/Users/lewis/OneDrive/Documents/Trinity/2nd Year/Semester 1/CSU22022 Computer Architechture 1/Vivado/Project 2/Project 2.srcs/sources_1/new/RegisterFile_32Bit_32Plus1_20335015.vhd:231]
WARNING: [VRFC 10-3093] actual for formal port 'load' is neither a static name nor a globally static expression [C:/Users/lewis/OneDrive/Documents/Trinity/2nd Year/Semester 1/CSU22022 Computer Architechture 1/Vivado/Project 2/Project 2.srcs/sources_1/new/RegisterFile_32Bit_32Plus1_20335015.vhd:238]
WARNING: [VRFC 10-3093] actual for formal port 'load' is neither a static name nor a globally static expression [C:/Users/lewis/OneDrive/Documents/Trinity/2nd Year/Semester 1/CSU22022 Computer Architechture 1/Vivado/Project 2/Project 2.srcs/sources_1/new/RegisterFile_32Bit_32Plus1_20335015.vhd:245]
WARNING: [VRFC 10-3093] actual for formal port 'load' is neither a static name nor a globally static expression [C:/Users/lewis/OneDrive/Documents/Trinity/2nd Year/Semester 1/CSU22022 Computer Architechture 1/Vivado/Project 2/Project 2.srcs/sources_1/new/RegisterFile_32Bit_32Plus1_20335015.vhd:252]
WARNING: [VRFC 10-3093] actual for formal port 'load' is neither a static name nor a globally static expression [C:/Users/lewis/OneDrive/Documents/Trinity/2nd Year/Semester 1/CSU22022 Computer Architechture 1/Vivado/Project 2/Project 2.srcs/sources_1/new/RegisterFile_32Bit_32Plus1_20335015.vhd:259]
WARNING: [VRFC 10-3093] actual for formal port 'load' is neither a static name nor a globally static expression [C:/Users/lewis/OneDrive/Documents/Trinity/2nd Year/Semester 1/CSU22022 Computer Architechture 1/Vivado/Project 2/Project 2.srcs/sources_1/new/RegisterFile_32Bit_32Plus1_20335015.vhd:266]
WARNING: [VRFC 10-3093] actual for formal port 'load' is neither a static name nor a globally static expression [C:/Users/lewis/OneDrive/Documents/Trinity/2nd Year/Semester 1/CSU22022 Computer Architechture 1/Vivado/Project 2/Project 2.srcs/sources_1/new/RegisterFile_32Bit_32Plus1_20335015.vhd:273]
WARNING: [VRFC 10-3093] actual for formal port 'load' is neither a static name nor a globally static expression [C:/Users/lewis/OneDrive/Documents/Trinity/2nd Year/Semester 1/CSU22022 Computer Architechture 1/Vivado/Project 2/Project 2.srcs/sources_1/new/RegisterFile_32Bit_32Plus1_20335015.vhd:280]
INFO: [VRFC 10-163] Analyzing VHDL file "C:/Users/lewis/OneDrive/Documents/Trinity/2nd Year/Semester 1/CSU22022 Computer Architechture 1/Vivado/Project 2/Project 2.srcs/sources_1/new/RegisterFile_32Bit_32Plus1_20335015_TB.vhd" into library xil_defaultlib
INFO: [VRFC 10-3107] analyzing entity 'RegisterFile_32Bit_32Plus1_20335015_TB'
